This file contains any messages produced by compilers while
running configure, to aid debugging if configure makes a mistake.

It was created by fomosto_psgrn configure 2008a, which was
generated by GNU Autoconf 2.68.  Invocation command line was

  $ ./configure 

## --------- ##
## Platform. ##
## --------- ##

hostname = kw12546
uname -m = x86_64
uname -r = 3.2.0-26-generic
uname -s = Linux
uname -v = #41-Ubuntu SMP Thu Jun 14 17:49:24 UTC 2012

/usr/bin/uname -p = unknown
/bin/uname -X     = unknown

/bin/arch              = unknown
/usr/bin/arch -k       = unknown
/usr/convex/getsysinfo = unknown
/usr/bin/hostinfo      = unknown
/bin/machine           = unknown
/usr/bin/oslevel       = unknown
/bin/universe          = unknown

PATH: /usr/lib/lightdm/lightdm
PATH: /usr/local/sbin
PATH: /usr/local/bin
PATH: /usr/sbin
PATH: /usr/bin
PATH: /sbin
PATH: /bin
PATH: /usr/games
PATH: /home/vasyurhm/software/StaMPS_Versions/StaMPS_v3.3.1beta/bin
PATH: /home/vasyurhm/software/StaMPS_Versions/StaMPS_v3.3.1beta/ROI_PAC_SCR
PATH: /home/vasyurhm/software/ROI_PAC_3_1beta/ROI_PAC/INT_BIN
PATH: /home/vasyurhm/software/ROI_PAC_3_1beta/ROI_PAC/INT_SCR
PATH: /home/vasyurhm/software/ROI_PAC_3_1beta/ROI_PAC/TSX
PATH: /home/vasyurhm/software/ROI_PAC_3_1beta/ROI_PAC/OUR_SCR
PATH: /home/vasyurhm/software/StaMPS_Versions/StaMPS_v3.3.1beta/DORIS_SCR
PATH: .
PATH: /home/vasyurhm/software/doris_v406beta/bin
PATH: /home/vasyurhm/software/triangle
PATH: /home/vasyurhm/software/snaphu-v1.4.2/bin
PATH: /home/vasyurhm/software/StaMPS_Versions/svn_aps//bin
PATH: /home/vasyurhm/software/StaMPS_Versions/svn_aps/python_modules/
PATH: /home/vasyurhm/Software/Seismosoft/KIWI/kiwi/bin
PATH: /home/vasyurhm/Software/Seismosoft/pyrocko/contrib/
PATH: /usr/lib/gmt/bin/
PATH: /usr/local/cuda-5.5/bin
PATH: /home/vasyurhm/software/StaMPS_Versions/svn_aps/python_modules/
PATH: /mnt/lava/GAMMA/Latest
PATH: /home/vasyurhm/Documents/Scripts
PATH: /mnt/lava/GAMMA/Latest/DIFF/bin
PATH: /mnt/lava/GAMMA/Latest/DISP/bin
PATH: /mnt/lava/GAMMA/Latest/IPTA/bin
PATH: /mnt/lava/GAMMA/Latest/ISP/bin
PATH: /mnt/lava/GAMMA/Latest/LAT/bin
PATH: /mnt/lava/GAMMA/Latest/MSP/bin


## ----------- ##
## Core tests. ##
## ----------- ##

configure:1779: checking for a BSD-compatible install
configure:1847: result: /usr/bin/install -c
configure:1858: checking whether build environment is sane
configure:1908: result: yes
configure:2049: checking for a thread-safe mkdir -p
configure:2088: result: /bin/mkdir -p
configure:2101: checking for gawk
configure:2117: found /usr/bin/gawk
configure:2128: result: gawk
configure:2139: checking whether make sets $(MAKE)
configure:2161: result: yes
configure:2347: checking for Fortran 77 compiler version
configure:2356: gfortran --version >&5
GNU Fortran (Ubuntu/Linaro 4.6.3-1ubuntu5) 4.6.3
Copyright (C) 2011 Free Software Foundation, Inc.

GNU Fortran comes with NO WARRANTY, to the extent permitted by law.
You may redistribute copies of GNU Fortran
under the terms of the GNU General Public License.
For more information about these matters, see the file named COPYING

configure:2367: $? = 0
configure:2356: gfortran -v >&5
Using built-in specs.
COLLECT_GCC=gfortran
COLLECT_LTO_WRAPPER=/usr/lib/gcc/x86_64-linux-gnu/4.6/lto-wrapper
Target: x86_64-linux-gnu
Configured with: ../src/configure -v --with-pkgversion='Ubuntu/Linaro 4.6.3-1ubuntu5' --with-bugurl=file:///usr/share/doc/gcc-4.6/README.Bugs --enable-languages=c,c++,fortran,objc,obj-c++ --prefix=/usr --program-suffix=-4.6 --enable-shared --enable-linker-build-id --with-system-zlib --libexecdir=/usr/lib --without-included-gettext --enable-threads=posix --with-gxx-include-dir=/usr/include/c++/4.6 --libdir=/usr/lib --enable-nls --with-sysroot=/ --enable-clocale=gnu --enable-libstdcxx-debug --enable-libstdcxx-time=yes --enable-gnu-unique-object --enable-plugin --enable-objc-gc --disable-werror --with-arch-32=i686 --with-tune=generic --enable-checking=release --build=x86_64-linux-gnu --host=x86_64-linux-gnu --target=x86_64-linux-gnu
Thread model: posix
gcc version 4.6.3 (Ubuntu/Linaro 4.6.3-1ubuntu5) 
configure:2367: $? = 0
configure:2356: gfortran -V >&5
gfortran: error: unrecognized option '-V'
gfortran: fatal error: no input files
compilation terminated.
configure:2367: $? = 4
configure:2356: gfortran -qversion >&5
gfortran: error: unrecognized option '-qversion'
gfortran: fatal error: no input files
compilation terminated.
configure:2367: $? = 4
configure:2382: checking whether the Fortran 77 compiler works
configure:2404: gfortran   conftest.f  >&5
configure:2408: $? = 0
configure:2456: result: yes
configure:2459: checking for Fortran 77 compiler default output file name
configure:2461: result: a.out
configure:2467: checking for suffix of executables
configure:2474: gfortran -o conftest   conftest.f  >&5
configure:2478: $? = 0
configure:2500: result: 
configure:2516: checking whether we are cross compiling
configure:2524: gfortran -o conftest   conftest.f  >&5
configure:2528: $? = 0
configure:2535: ./conftest
configure:2539: $? = 0
configure:2554: result: no
configure:2559: checking for suffix of object files
configure:2575: gfortran -c  conftest.f >&5
configure:2579: $? = 0
configure:2600: result: o
configure:2608: checking whether we are using the GNU Fortran 77 compiler
configure:2621: gfortran -c  conftest.F >&5
configure:2621: $? = 0
configure:2630: result: yes
configure:2636: checking whether gfortran accepts -g
configure:2647: gfortran -c -g conftest.f >&5
configure:2647: $? = 0
configure:2655: result: yes
configure:2844: creating ./config.status

## ---------------------- ##
## Running config.status. ##
## ---------------------- ##

This file was extended by fomosto_psgrn config.status 2008a, which was
generated by GNU Autoconf 2.68.  Invocation command line was

  CONFIG_FILES    = 
  CONFIG_HEADERS  = 
  CONFIG_LINKS    = 
  CONFIG_COMMANDS = 
  $ ./config.status 

on kw12546

config.status:759: creating Makefile
config.status:759: creating src/Makefile

## ---------------- ##
## Cache variables. ##
## ---------------- ##

ac_cv_env_F77_set=set
ac_cv_env_F77_value=gfortran
ac_cv_env_FFLAGS_set=
ac_cv_env_FFLAGS_value=
ac_cv_env_LDFLAGS_set=
ac_cv_env_LDFLAGS_value=
ac_cv_env_LIBS_set=
ac_cv_env_LIBS_value=
ac_cv_env_build_alias_set=
ac_cv_env_build_alias_value=
ac_cv_env_host_alias_set=
ac_cv_env_host_alias_value=
ac_cv_env_target_alias_set=
ac_cv_env_target_alias_value=
ac_cv_f77_compiler_gnu=yes
ac_cv_objext=o
ac_cv_path_install='/usr/bin/install -c'
ac_cv_path_mkdir=/bin/mkdir
ac_cv_prog_AWK=gawk
ac_cv_prog_f77_g=yes
ac_cv_prog_make_make_set=yes

## ----------------- ##
## Output variables. ##
## ----------------- ##

ACLOCAL='${SHELL} /home/vasyurhm/Software/Seismosoft/psgrn+pscmp-2008a/psgrn08-code/missing --run aclocal-1.11'
AMTAR='$${TAR-tar}'
AUTOCONF='${SHELL} /home/vasyurhm/Software/Seismosoft/psgrn+pscmp-2008a/psgrn08-code/missing --run autoconf'
AUTOHEADER='${SHELL} /home/vasyurhm/Software/Seismosoft/psgrn+pscmp-2008a/psgrn08-code/missing --run autoheader'
AUTOMAKE='${SHELL} /home/vasyurhm/Software/Seismosoft/psgrn+pscmp-2008a/psgrn08-code/missing --run automake-1.11'
AWK='gawk'
CYGPATH_W='echo'
DEFS='-DPACKAGE_NAME=\"fomosto_psgrn\" -DPACKAGE_TARNAME=\"fomosto_psgrn\" -DPACKAGE_VERSION=\"2008a\" -DPACKAGE_STRING=\"fomosto_psgrn\ 2008a\" -DPACKAGE_BUGREPORT=\"\" -DPACKAGE_URL=\"\" -DPACKAGE=\"fomosto_psgrn\" -DVERSION=\"2008a\"'
ECHO_C=''
ECHO_N='-n'
ECHO_T=''
EXEEXT=''
F77='gfortran'
FFLAGS='-g -O2'
INSTALL_DATA='${INSTALL} -m 644'
INSTALL_PROGRAM='${INSTALL}'
INSTALL_SCRIPT='${INSTALL}'
INSTALL_STRIP_PROGRAM='$(install_sh) -c -s'
LDFLAGS=''
LIBOBJS=''
LIBS=''
LTLIBOBJS=''
MAKEINFO='${SHELL} /home/vasyurhm/Software/Seismosoft/psgrn+pscmp-2008a/psgrn08-code/missing --run makeinfo'
MKDIR_P='/bin/mkdir -p'
OBJEXT='o'
PACKAGE='fomosto_psgrn'
PACKAGE_BUGREPORT=''
PACKAGE_NAME='fomosto_psgrn'
PACKAGE_STRING='fomosto_psgrn 2008a'
PACKAGE_TARNAME='fomosto_psgrn'
PACKAGE_URL=''
PACKAGE_VERSION='2008a'
PATH_SEPARATOR=':'
SET_MAKE=''
SHELL='/bin/bash'
STRIP=''
VERSION='2008a'
ac_ct_F77=''
am__EXEEXT_FALSE=''
am__EXEEXT_TRUE='#'
am__isrc=''
am__leading_dot='.'
am__tar='$${TAR-tar} chof - "$$tardir"'
am__untar='$${TAR-tar} xf -'
bindir='${exec_prefix}/bin'
build_alias=''
datadir='${datarootdir}'
datarootdir='${prefix}/share'
docdir='${datarootdir}/doc/${PACKAGE_TARNAME}'
dvidir='${docdir}'
exec_prefix='${prefix}'
host_alias=''
htmldir='${docdir}'
includedir='${prefix}/include'
infodir='${datarootdir}/info'
install_sh='${SHELL} /home/vasyurhm/Software/Seismosoft/psgrn+pscmp-2008a/psgrn08-code/install-sh'
libdir='${exec_prefix}/lib'
libexecdir='${exec_prefix}/libexec'
localedir='${datarootdir}/locale'
localstatedir='${prefix}/var'
mandir='${datarootdir}/man'
mkdir_p='/bin/mkdir -p'
oldincludedir='/usr/include'
pdfdir='${docdir}'
prefix='/usr/local'
program_transform_name='s,x,x,'
psdir='${docdir}'
sbindir='${exec_prefix}/sbin'
sharedstatedir='${prefix}/com'
sysconfdir='${prefix}/etc'
target_alias=''

## ----------- ##
## confdefs.h. ##
## ----------- ##

/* confdefs.h */
#define PACKAGE_NAME "fomosto_psgrn"
#define PACKAGE_TARNAME "fomosto_psgrn"
#define PACKAGE_VERSION "2008a"
#define PACKAGE_STRING "fomosto_psgrn 2008a"
#define PACKAGE_BUGREPORT ""
#define PACKAGE_URL ""
#define PACKAGE "fomosto_psgrn"
#define VERSION "2008a"

configure: exit 0
